{
  "RSpec": {
    "coverage": {
      "/Users/willspencer/Desktop/Projects/Bank_tech_test/spec/account_spec.rb": {
        "lines": [
          1,
          null,
          1,
          1,
          1,
          1,
          null,
          null,
          1,
          1,
          1,
          1,
          null,
          null,
          1,
          1,
          1,
          1,
          null,
          null,
          null,
          null,
          1,
          1,
          1,
          1,
          1,
          1,
          null,
          null,
          1,
          1,
          1,
          1,
          1,
          null,
          null,
          null,
          null,
          1,
          1,
          1,
          1,
          2,
          null,
          null,
          1,
          1,
          1,
          1,
          2,
          null,
          null,
          null
        ]
      },
      "/Users/willspencer/Desktop/Projects/Bank_tech_test/lib/account.rb": {
        "lines": [
          1,
          1,
          null,
          1,
          7,
          7,
          7,
          null,
          null,
          1,
          6,
          6,
          null,
          null,
          1,
          3,
          3,
          null,
          null,
          1,
          2,
          2,
          3,
          null,
          null,
          null
        ]
      }
    },
    "timestamp": 1620211109
  }
}
