{
  "RSpec": {
    "coverage": {
      "/Users/willspencer/Desktop/Projects/Bank_tech_test/spec/account_spec.rb": {
        "lines": [
          null,
          null,
          1,
          1,
          null,
          1,
          1,
          1,
          1,
          null,
          null,
          1,
          1,
          1,
          1,
          null,
          null,
          1,
          1,
          1,
          1,
          null,
          null,
          null,
          null,
          1,
          1,
          1,
          1,
          1,
          null,
          null,
          1,
          1,
          1,
          1,
          null,
          null,
          null,
          1,
          1,
          1,
          1,
          null,
          null,
          1,
          1,
          1,
          1,
          null,
          null,
          1,
          1,
          1,
          1,
          1,
          null,
          null,
          null,
          null,
          1,
          1,
          1,
          2,
          null,
          null,
          1,
          1,
          1,
          2,
          null,
          null,
          null
        ]
      },
      "/Users/willspencer/Desktop/Projects/Bank_tech_test/lib/account.rb": {
        "lines": [
          null,
          null,
          1,
          1,
          null,
          1,
          10,
          10,
          10,
          null,
          null,
          1,
          9,
          9,
          null,
          null,
          1,
          5,
          5,
          null,
          null,
          1,
          2,
          2,
          3,
          null,
          null,
          null
        ]
      },
      "/Users/willspencer/Desktop/Projects/Bank_tech_test/web_helper.rb": {
        "lines": [
          1,
          4,
          null,
          null,
          1,
          5,
          5,
          null
        ]
      }
    },
    "timestamp": 1620231724
  }
}
